ARM GAS  C:\Users\ryanc\AppData\Local\Temp\ccRA9DoE.s 			page 1


   1              		.syntax unified
   2              		.cpu cortex-m3
   3              		.fpu softvfp
   4              		.eabi_attribute 20, 1
   5              		.eabi_attribute 21, 1
   6              		.eabi_attribute 23, 3
   7              		.eabi_attribute 24, 1
   8              		.eabi_attribute 25, 1
   9              		.eabi_attribute 26, 1
  10              		.eabi_attribute 30, 1
  11              		.eabi_attribute 34, 1
  12              		.eabi_attribute 18, 4
  13              		.thumb
  14              		.syntax unified
  15              		.file	"PWMA_PM.c"
  16              		.text
  17              	.Ltext0:
  18              		.cfi_sections	.debug_frame
  19              		.section	.text.PWMA_SaveConfig,"ax",%progbits
  20              		.align	2
  21              		.global	PWMA_SaveConfig
  22              		.thumb
  23              		.thumb_func
  24              		.type	PWMA_SaveConfig, %function
  25              	PWMA_SaveConfig:
  26              	.LFB0:
  27              		.file 1 "Generated_Source\\PSoC5\\PWMA_PM.c"
   1:Generated_Source\PSoC5/PWMA_PM.c **** /*******************************************************************************
   2:Generated_Source\PSoC5/PWMA_PM.c **** * File Name: PWMA_PM.c
   3:Generated_Source\PSoC5/PWMA_PM.c **** * Version 3.30
   4:Generated_Source\PSoC5/PWMA_PM.c **** *
   5:Generated_Source\PSoC5/PWMA_PM.c **** * Description:
   6:Generated_Source\PSoC5/PWMA_PM.c **** *  This file provides the power management source code to API for the
   7:Generated_Source\PSoC5/PWMA_PM.c **** *  PWM.
   8:Generated_Source\PSoC5/PWMA_PM.c **** *
   9:Generated_Source\PSoC5/PWMA_PM.c **** * Note:
  10:Generated_Source\PSoC5/PWMA_PM.c **** *
  11:Generated_Source\PSoC5/PWMA_PM.c **** ********************************************************************************
  12:Generated_Source\PSoC5/PWMA_PM.c **** * Copyright 2008-2014, Cypress Semiconductor Corporation.  All rights reserved.
  13:Generated_Source\PSoC5/PWMA_PM.c **** * You may use this file only in accordance with the license, terms, conditions,
  14:Generated_Source\PSoC5/PWMA_PM.c **** * disclaimers, and limitations in the end user license agreement accompanying
  15:Generated_Source\PSoC5/PWMA_PM.c **** * the software package with which this file was provided.
  16:Generated_Source\PSoC5/PWMA_PM.c **** *******************************************************************************/
  17:Generated_Source\PSoC5/PWMA_PM.c **** 
  18:Generated_Source\PSoC5/PWMA_PM.c **** #include "PWMA.h"
  19:Generated_Source\PSoC5/PWMA_PM.c **** 
  20:Generated_Source\PSoC5/PWMA_PM.c **** static PWMA_backupStruct PWMA_backup;
  21:Generated_Source\PSoC5/PWMA_PM.c **** 
  22:Generated_Source\PSoC5/PWMA_PM.c **** 
  23:Generated_Source\PSoC5/PWMA_PM.c **** /*******************************************************************************
  24:Generated_Source\PSoC5/PWMA_PM.c **** * Function Name: PWMA_SaveConfig
  25:Generated_Source\PSoC5/PWMA_PM.c **** ********************************************************************************
  26:Generated_Source\PSoC5/PWMA_PM.c **** *
  27:Generated_Source\PSoC5/PWMA_PM.c **** * Summary:
  28:Generated_Source\PSoC5/PWMA_PM.c **** *  Saves the current user configuration of the component.
  29:Generated_Source\PSoC5/PWMA_PM.c **** *
  30:Generated_Source\PSoC5/PWMA_PM.c **** * Parameters:
ARM GAS  C:\Users\ryanc\AppData\Local\Temp\ccRA9DoE.s 			page 2


  31:Generated_Source\PSoC5/PWMA_PM.c **** *  None
  32:Generated_Source\PSoC5/PWMA_PM.c **** *
  33:Generated_Source\PSoC5/PWMA_PM.c **** * Return:
  34:Generated_Source\PSoC5/PWMA_PM.c **** *  None
  35:Generated_Source\PSoC5/PWMA_PM.c **** *
  36:Generated_Source\PSoC5/PWMA_PM.c **** * Global variables:
  37:Generated_Source\PSoC5/PWMA_PM.c **** *  PWMA_backup:  Variables of this global structure are modified to
  38:Generated_Source\PSoC5/PWMA_PM.c **** *  store the values of non retention configuration registers when Sleep() API is
  39:Generated_Source\PSoC5/PWMA_PM.c **** *  called.
  40:Generated_Source\PSoC5/PWMA_PM.c **** *
  41:Generated_Source\PSoC5/PWMA_PM.c **** *******************************************************************************/
  42:Generated_Source\PSoC5/PWMA_PM.c **** void PWMA_SaveConfig(void) 
  43:Generated_Source\PSoC5/PWMA_PM.c **** {
  28              		.loc 1 43 0
  29              		.cfi_startproc
  30              		@ args = 0, pretend = 0, frame = 0
  31              		@ frame_needed = 0, uses_anonymous_args = 0
  32 0000 10B5     		push	{r4, lr}
  33              		.cfi_def_cfa_offset 8
  34              		.cfi_offset 4, -8
  35              		.cfi_offset 14, -4
  44:Generated_Source\PSoC5/PWMA_PM.c **** 
  45:Generated_Source\PSoC5/PWMA_PM.c ****     #if(!PWMA_UsingFixedFunction)
  46:Generated_Source\PSoC5/PWMA_PM.c ****         #if(!PWMA_PWMModeIsCenterAligned)
  47:Generated_Source\PSoC5/PWMA_PM.c ****             PWMA_backup.PWMPeriod = PWMA_ReadPeriod();
  36              		.loc 1 47 0
  37 0002 FFF7FEFF 		bl	PWMA_ReadPeriod
  38              	.LVL0:
  39 0006 074C     		ldr	r4, .L3
  40 0008 A080     		strh	r0, [r4, #4]	@ movhi
  48:Generated_Source\PSoC5/PWMA_PM.c ****         #endif /* (!PWMA_PWMModeIsCenterAligned) */
  49:Generated_Source\PSoC5/PWMA_PM.c ****         PWMA_backup.PWMUdb = PWMA_ReadCounter();
  41              		.loc 1 49 0
  42 000a FFF7FEFF 		bl	PWMA_ReadCounter
  43              	.LVL1:
  44 000e 6080     		strh	r0, [r4, #2]	@ movhi
  50:Generated_Source\PSoC5/PWMA_PM.c ****         #if (PWMA_UseStatus)
  51:Generated_Source\PSoC5/PWMA_PM.c ****             PWMA_backup.InterruptMaskValue = PWMA_STATUS_MASK;
  45              		.loc 1 51 0
  46 0010 054B     		ldr	r3, .L3+4
  47 0012 1B78     		ldrb	r3, [r3]	@ zero_extendqisi2
  48 0014 A371     		strb	r3, [r4, #6]
  52:Generated_Source\PSoC5/PWMA_PM.c ****         #endif /* (PWMA_UseStatus) */
  53:Generated_Source\PSoC5/PWMA_PM.c **** 
  54:Generated_Source\PSoC5/PWMA_PM.c ****         #if(PWMA_DeadBandMode == PWMA__B_PWM__DBM_256_CLOCKS || \
  55:Generated_Source\PSoC5/PWMA_PM.c ****             PWMA_DeadBandMode == PWMA__B_PWM__DBM_2_4_CLOCKS)
  56:Generated_Source\PSoC5/PWMA_PM.c ****             PWMA_backup.PWMdeadBandValue = PWMA_ReadDeadTime();
  49              		.loc 1 56 0
  50 0016 FFF7FEFF 		bl	PWMA_ReadDeadTime
  51              	.LVL2:
  52 001a E071     		strb	r0, [r4, #7]
  57:Generated_Source\PSoC5/PWMA_PM.c ****         #endif /*  deadband count is either 2-4 clocks or 256 clocks */
  58:Generated_Source\PSoC5/PWMA_PM.c **** 
  59:Generated_Source\PSoC5/PWMA_PM.c ****         #if(PWMA_KillModeMinTime)
  60:Generated_Source\PSoC5/PWMA_PM.c ****              PWMA_backup.PWMKillCounterPeriod = PWMA_ReadKillTime();
  61:Generated_Source\PSoC5/PWMA_PM.c ****         #endif /* (PWMA_KillModeMinTime) */
  62:Generated_Source\PSoC5/PWMA_PM.c **** 
ARM GAS  C:\Users\ryanc\AppData\Local\Temp\ccRA9DoE.s 			page 3


  63:Generated_Source\PSoC5/PWMA_PM.c ****         #if(PWMA_UseControl)
  64:Generated_Source\PSoC5/PWMA_PM.c ****             PWMA_backup.PWMControlRegister = PWMA_ReadControlRegister();
  53              		.loc 1 64 0
  54 001c FFF7FEFF 		bl	PWMA_ReadControlRegister
  55              	.LVL3:
  56 0020 2072     		strb	r0, [r4, #8]
  57 0022 10BD     		pop	{r4, pc}
  58              	.L4:
  59              		.align	2
  60              	.L3:
  61 0024 00000000 		.word	.LANCHOR0
  62 0028 85640040 		.word	1073767557
  63              		.cfi_endproc
  64              	.LFE0:
  65              		.size	PWMA_SaveConfig, .-PWMA_SaveConfig
  66              		.section	.text.PWMA_RestoreConfig,"ax",%progbits
  67              		.align	2
  68              		.global	PWMA_RestoreConfig
  69              		.thumb
  70              		.thumb_func
  71              		.type	PWMA_RestoreConfig, %function
  72              	PWMA_RestoreConfig:
  73              	.LFB1:
  65:Generated_Source\PSoC5/PWMA_PM.c ****         #endif /* (PWMA_UseControl) */
  66:Generated_Source\PSoC5/PWMA_PM.c ****     #endif  /* (!PWMA_UsingFixedFunction) */
  67:Generated_Source\PSoC5/PWMA_PM.c **** }
  68:Generated_Source\PSoC5/PWMA_PM.c **** 
  69:Generated_Source\PSoC5/PWMA_PM.c **** 
  70:Generated_Source\PSoC5/PWMA_PM.c **** /*******************************************************************************
  71:Generated_Source\PSoC5/PWMA_PM.c **** * Function Name: PWMA_RestoreConfig
  72:Generated_Source\PSoC5/PWMA_PM.c **** ********************************************************************************
  73:Generated_Source\PSoC5/PWMA_PM.c **** *
  74:Generated_Source\PSoC5/PWMA_PM.c **** * Summary:
  75:Generated_Source\PSoC5/PWMA_PM.c **** *  Restores the current user configuration of the component.
  76:Generated_Source\PSoC5/PWMA_PM.c **** *
  77:Generated_Source\PSoC5/PWMA_PM.c **** * Parameters:
  78:Generated_Source\PSoC5/PWMA_PM.c **** *  None
  79:Generated_Source\PSoC5/PWMA_PM.c **** *
  80:Generated_Source\PSoC5/PWMA_PM.c **** * Return:
  81:Generated_Source\PSoC5/PWMA_PM.c **** *  None
  82:Generated_Source\PSoC5/PWMA_PM.c **** *
  83:Generated_Source\PSoC5/PWMA_PM.c **** * Global variables:
  84:Generated_Source\PSoC5/PWMA_PM.c **** *  PWMA_backup:  Variables of this global structure are used to
  85:Generated_Source\PSoC5/PWMA_PM.c **** *  restore the values of non retention registers on wakeup from sleep mode.
  86:Generated_Source\PSoC5/PWMA_PM.c **** *
  87:Generated_Source\PSoC5/PWMA_PM.c **** *******************************************************************************/
  88:Generated_Source\PSoC5/PWMA_PM.c **** void PWMA_RestoreConfig(void) 
  89:Generated_Source\PSoC5/PWMA_PM.c **** {
  74              		.loc 1 89 0
  75              		.cfi_startproc
  76              		@ args = 0, pretend = 0, frame = 0
  77              		@ frame_needed = 0, uses_anonymous_args = 0
  78 0000 10B5     		push	{r4, lr}
  79              		.cfi_def_cfa_offset 8
  80              		.cfi_offset 4, -8
  81              		.cfi_offset 14, -4
  90:Generated_Source\PSoC5/PWMA_PM.c ****         #if(!PWMA_UsingFixedFunction)
ARM GAS  C:\Users\ryanc\AppData\Local\Temp\ccRA9DoE.s 			page 4


  91:Generated_Source\PSoC5/PWMA_PM.c ****             #if(!PWMA_PWMModeIsCenterAligned)
  92:Generated_Source\PSoC5/PWMA_PM.c ****                 PWMA_WritePeriod(PWMA_backup.PWMPeriod);
  82              		.loc 1 92 0
  83 0002 084C     		ldr	r4, .L7
  84 0004 A088     		ldrh	r0, [r4, #4]
  85 0006 FFF7FEFF 		bl	PWMA_WritePeriod
  86              	.LVL4:
  93:Generated_Source\PSoC5/PWMA_PM.c ****             #endif /* (!PWMA_PWMModeIsCenterAligned) */
  94:Generated_Source\PSoC5/PWMA_PM.c **** 
  95:Generated_Source\PSoC5/PWMA_PM.c ****             PWMA_WriteCounter(PWMA_backup.PWMUdb);
  87              		.loc 1 95 0
  88 000a 6088     		ldrh	r0, [r4, #2]
  89 000c FFF7FEFF 		bl	PWMA_WriteCounter
  90              	.LVL5:
  96:Generated_Source\PSoC5/PWMA_PM.c **** 
  97:Generated_Source\PSoC5/PWMA_PM.c ****             #if (PWMA_UseStatus)
  98:Generated_Source\PSoC5/PWMA_PM.c ****                 PWMA_STATUS_MASK = PWMA_backup.InterruptMaskValue;
  91              		.loc 1 98 0
  92 0010 A279     		ldrb	r2, [r4, #6]	@ zero_extendqisi2
  93 0012 054B     		ldr	r3, .L7+4
  94 0014 1A70     		strb	r2, [r3]
  99:Generated_Source\PSoC5/PWMA_PM.c ****             #endif /* (PWMA_UseStatus) */
 100:Generated_Source\PSoC5/PWMA_PM.c **** 
 101:Generated_Source\PSoC5/PWMA_PM.c ****             #if(PWMA_DeadBandMode == PWMA__B_PWM__DBM_256_CLOCKS || \
 102:Generated_Source\PSoC5/PWMA_PM.c ****                 PWMA_DeadBandMode == PWMA__B_PWM__DBM_2_4_CLOCKS)
 103:Generated_Source\PSoC5/PWMA_PM.c ****                 PWMA_WriteDeadTime(PWMA_backup.PWMdeadBandValue);
  95              		.loc 1 103 0
  96 0016 E079     		ldrb	r0, [r4, #7]	@ zero_extendqisi2
  97 0018 FFF7FEFF 		bl	PWMA_WriteDeadTime
  98              	.LVL6:
 104:Generated_Source\PSoC5/PWMA_PM.c ****             #endif /* deadband count is either 2-4 clocks or 256 clocks */
 105:Generated_Source\PSoC5/PWMA_PM.c **** 
 106:Generated_Source\PSoC5/PWMA_PM.c ****             #if(PWMA_KillModeMinTime)
 107:Generated_Source\PSoC5/PWMA_PM.c ****                 PWMA_WriteKillTime(PWMA_backup.PWMKillCounterPeriod);
 108:Generated_Source\PSoC5/PWMA_PM.c ****             #endif /* (PWMA_KillModeMinTime) */
 109:Generated_Source\PSoC5/PWMA_PM.c **** 
 110:Generated_Source\PSoC5/PWMA_PM.c ****             #if(PWMA_UseControl)
 111:Generated_Source\PSoC5/PWMA_PM.c ****                 PWMA_WriteControlRegister(PWMA_backup.PWMControlRegister);
  99              		.loc 1 111 0
 100 001c 207A     		ldrb	r0, [r4, #8]	@ zero_extendqisi2
 101 001e FFF7FEFF 		bl	PWMA_WriteControlRegister
 102              	.LVL7:
 103 0022 10BD     		pop	{r4, pc}
 104              	.L8:
 105              		.align	2
 106              	.L7:
 107 0024 00000000 		.word	.LANCHOR0
 108 0028 85640040 		.word	1073767557
 109              		.cfi_endproc
 110              	.LFE1:
 111              		.size	PWMA_RestoreConfig, .-PWMA_RestoreConfig
 112              		.section	.text.PWMA_Sleep,"ax",%progbits
 113              		.align	2
 114              		.global	PWMA_Sleep
 115              		.thumb
 116              		.thumb_func
 117              		.type	PWMA_Sleep, %function
ARM GAS  C:\Users\ryanc\AppData\Local\Temp\ccRA9DoE.s 			page 5


 118              	PWMA_Sleep:
 119              	.LFB2:
 112:Generated_Source\PSoC5/PWMA_PM.c ****             #endif /* (PWMA_UseControl) */
 113:Generated_Source\PSoC5/PWMA_PM.c ****         #endif  /* (!PWMA_UsingFixedFunction) */
 114:Generated_Source\PSoC5/PWMA_PM.c ****     }
 115:Generated_Source\PSoC5/PWMA_PM.c **** 
 116:Generated_Source\PSoC5/PWMA_PM.c **** 
 117:Generated_Source\PSoC5/PWMA_PM.c **** /*******************************************************************************
 118:Generated_Source\PSoC5/PWMA_PM.c **** * Function Name: PWMA_Sleep
 119:Generated_Source\PSoC5/PWMA_PM.c **** ********************************************************************************
 120:Generated_Source\PSoC5/PWMA_PM.c **** *
 121:Generated_Source\PSoC5/PWMA_PM.c **** * Summary:
 122:Generated_Source\PSoC5/PWMA_PM.c **** *  Disables block's operation and saves the user configuration. Should be called
 123:Generated_Source\PSoC5/PWMA_PM.c **** *  just prior to entering sleep.
 124:Generated_Source\PSoC5/PWMA_PM.c **** *
 125:Generated_Source\PSoC5/PWMA_PM.c **** * Parameters:
 126:Generated_Source\PSoC5/PWMA_PM.c **** *  None
 127:Generated_Source\PSoC5/PWMA_PM.c **** *
 128:Generated_Source\PSoC5/PWMA_PM.c **** * Return:
 129:Generated_Source\PSoC5/PWMA_PM.c **** *  None
 130:Generated_Source\PSoC5/PWMA_PM.c **** *
 131:Generated_Source\PSoC5/PWMA_PM.c **** * Global variables:
 132:Generated_Source\PSoC5/PWMA_PM.c **** *  PWMA_backup.PWMEnableState:  Is modified depending on the enable
 133:Generated_Source\PSoC5/PWMA_PM.c **** *  state of the block before entering sleep mode.
 134:Generated_Source\PSoC5/PWMA_PM.c **** *
 135:Generated_Source\PSoC5/PWMA_PM.c **** *******************************************************************************/
 136:Generated_Source\PSoC5/PWMA_PM.c **** void PWMA_Sleep(void) 
 137:Generated_Source\PSoC5/PWMA_PM.c **** {
 120              		.loc 1 137 0
 121              		.cfi_startproc
 122              		@ args = 0, pretend = 0, frame = 0
 123              		@ frame_needed = 0, uses_anonymous_args = 0
 124 0000 08B5     		push	{r3, lr}
 125              		.cfi_def_cfa_offset 8
 126              		.cfi_offset 3, -8
 127              		.cfi_offset 14, -4
 138:Generated_Source\PSoC5/PWMA_PM.c ****     #if(PWMA_UseControl)
 139:Generated_Source\PSoC5/PWMA_PM.c ****         if(PWMA_CTRL_ENABLE == (PWMA_CONTROL & PWMA_CTRL_ENABLE))
 128              		.loc 1 139 0
 129 0002 084B     		ldr	r3, .L13
 130 0004 1B78     		ldrb	r3, [r3]	@ zero_extendqisi2
 131 0006 13F0800F 		tst	r3, #128
 132 000a 03D0     		beq	.L10
 140:Generated_Source\PSoC5/PWMA_PM.c ****         {
 141:Generated_Source\PSoC5/PWMA_PM.c ****             /*Component is enabled */
 142:Generated_Source\PSoC5/PWMA_PM.c ****             PWMA_backup.PWMEnableState = 1u;
 133              		.loc 1 142 0
 134 000c 0122     		movs	r2, #1
 135 000e 064B     		ldr	r3, .L13+4
 136 0010 1A70     		strb	r2, [r3]
 137 0012 02E0     		b	.L11
 138              	.L10:
 143:Generated_Source\PSoC5/PWMA_PM.c ****         }
 144:Generated_Source\PSoC5/PWMA_PM.c ****         else
 145:Generated_Source\PSoC5/PWMA_PM.c ****         {
 146:Generated_Source\PSoC5/PWMA_PM.c ****             /* Component is disabled */
 147:Generated_Source\PSoC5/PWMA_PM.c ****             PWMA_backup.PWMEnableState = 0u;
ARM GAS  C:\Users\ryanc\AppData\Local\Temp\ccRA9DoE.s 			page 6


 139              		.loc 1 147 0
 140 0014 0022     		movs	r2, #0
 141 0016 044B     		ldr	r3, .L13+4
 142 0018 1A70     		strb	r2, [r3]
 143              	.L11:
 148:Generated_Source\PSoC5/PWMA_PM.c ****         }
 149:Generated_Source\PSoC5/PWMA_PM.c ****     #endif /* (PWMA_UseControl) */
 150:Generated_Source\PSoC5/PWMA_PM.c **** 
 151:Generated_Source\PSoC5/PWMA_PM.c ****     /* Stop component */
 152:Generated_Source\PSoC5/PWMA_PM.c ****     PWMA_Stop();
 144              		.loc 1 152 0
 145 001a FFF7FEFF 		bl	PWMA_Stop
 146              	.LVL8:
 153:Generated_Source\PSoC5/PWMA_PM.c **** 
 154:Generated_Source\PSoC5/PWMA_PM.c ****     /* Save registers configuration */
 155:Generated_Source\PSoC5/PWMA_PM.c ****     PWMA_SaveConfig();
 147              		.loc 1 155 0
 148 001e FFF7FEFF 		bl	PWMA_SaveConfig
 149              	.LVL9:
 150 0022 08BD     		pop	{r3, pc}
 151              	.L14:
 152              		.align	2
 153              	.L13:
 154 0024 74640040 		.word	1073767540
 155 0028 00000000 		.word	.LANCHOR0
 156              		.cfi_endproc
 157              	.LFE2:
 158              		.size	PWMA_Sleep, .-PWMA_Sleep
 159              		.section	.text.PWMA_Wakeup,"ax",%progbits
 160              		.align	2
 161              		.global	PWMA_Wakeup
 162              		.thumb
 163              		.thumb_func
 164              		.type	PWMA_Wakeup, %function
 165              	PWMA_Wakeup:
 166              	.LFB3:
 156:Generated_Source\PSoC5/PWMA_PM.c **** }
 157:Generated_Source\PSoC5/PWMA_PM.c **** 
 158:Generated_Source\PSoC5/PWMA_PM.c **** 
 159:Generated_Source\PSoC5/PWMA_PM.c **** /*******************************************************************************
 160:Generated_Source\PSoC5/PWMA_PM.c **** * Function Name: PWMA_Wakeup
 161:Generated_Source\PSoC5/PWMA_PM.c **** ********************************************************************************
 162:Generated_Source\PSoC5/PWMA_PM.c **** *
 163:Generated_Source\PSoC5/PWMA_PM.c **** * Summary:
 164:Generated_Source\PSoC5/PWMA_PM.c **** *  Restores and enables the user configuration. Should be called just after
 165:Generated_Source\PSoC5/PWMA_PM.c **** *  awaking from sleep.
 166:Generated_Source\PSoC5/PWMA_PM.c **** *
 167:Generated_Source\PSoC5/PWMA_PM.c **** * Parameters:
 168:Generated_Source\PSoC5/PWMA_PM.c **** *  None
 169:Generated_Source\PSoC5/PWMA_PM.c **** *
 170:Generated_Source\PSoC5/PWMA_PM.c **** * Return:
 171:Generated_Source\PSoC5/PWMA_PM.c **** *  None
 172:Generated_Source\PSoC5/PWMA_PM.c **** *
 173:Generated_Source\PSoC5/PWMA_PM.c **** * Global variables:
 174:Generated_Source\PSoC5/PWMA_PM.c **** *  PWMA_backup.pwmEnable:  Is used to restore the enable state of
 175:Generated_Source\PSoC5/PWMA_PM.c **** *  block on wakeup from sleep mode.
 176:Generated_Source\PSoC5/PWMA_PM.c **** *
ARM GAS  C:\Users\ryanc\AppData\Local\Temp\ccRA9DoE.s 			page 7


 177:Generated_Source\PSoC5/PWMA_PM.c **** *******************************************************************************/
 178:Generated_Source\PSoC5/PWMA_PM.c **** void PWMA_Wakeup(void) 
 179:Generated_Source\PSoC5/PWMA_PM.c **** {
 167              		.loc 1 179 0
 168              		.cfi_startproc
 169              		@ args = 0, pretend = 0, frame = 0
 170              		@ frame_needed = 0, uses_anonymous_args = 0
 171 0000 08B5     		push	{r3, lr}
 172              		.cfi_def_cfa_offset 8
 173              		.cfi_offset 3, -8
 174              		.cfi_offset 14, -4
 180:Generated_Source\PSoC5/PWMA_PM.c ****      /* Restore registers values */
 181:Generated_Source\PSoC5/PWMA_PM.c ****     PWMA_RestoreConfig();
 175              		.loc 1 181 0
 176 0002 FFF7FEFF 		bl	PWMA_RestoreConfig
 177              	.LVL10:
 182:Generated_Source\PSoC5/PWMA_PM.c **** 
 183:Generated_Source\PSoC5/PWMA_PM.c ****     if(PWMA_backup.PWMEnableState != 0u)
 178              		.loc 1 183 0
 179 0006 034B     		ldr	r3, .L18
 180 0008 1B78     		ldrb	r3, [r3]	@ zero_extendqisi2
 181 000a 0BB1     		cbz	r3, .L15
 184:Generated_Source\PSoC5/PWMA_PM.c ****     {
 185:Generated_Source\PSoC5/PWMA_PM.c ****         /* Enable component's operation */
 186:Generated_Source\PSoC5/PWMA_PM.c ****         PWMA_Enable();
 182              		.loc 1 186 0
 183 000c FFF7FEFF 		bl	PWMA_Enable
 184              	.LVL11:
 185              	.L15:
 186 0010 08BD     		pop	{r3, pc}
 187              	.L19:
 188 0012 00BF     		.align	2
 189              	.L18:
 190 0014 00000000 		.word	.LANCHOR0
 191              		.cfi_endproc
 192              	.LFE3:
 193              		.size	PWMA_Wakeup, .-PWMA_Wakeup
 194              		.bss
 195              		.align	2
 196              		.set	.LANCHOR0,. + 0
 197              		.type	PWMA_backup, %object
 198              		.size	PWMA_backup, 10
 199              	PWMA_backup:
 200 0000 00000000 		.space	10
 200      00000000 
 200      0000
 201              		.text
 202              	.Letext0:
 203              		.file 2 "Generated_Source\\PSoC5\\cytypes.h"
 204              		.file 3 "Generated_Source\\PSoC5\\PWMA.h"
 205              		.section	.debug_info,"",%progbits
 206              	.Ldebug_info0:
 207 0000 53020000 		.4byte	0x253
 208 0004 0400     		.2byte	0x4
 209 0006 00000000 		.4byte	.Ldebug_abbrev0
 210 000a 04       		.byte	0x4
 211 000b 01       		.uleb128 0x1
ARM GAS  C:\Users\ryanc\AppData\Local\Temp\ccRA9DoE.s 			page 8


 212 000c B9000000 		.4byte	.LASF38
 213 0010 0C       		.byte	0xc
 214 0011 B5010000 		.4byte	.LASF39
 215 0015 63020000 		.4byte	.LASF40
 216 0019 00000000 		.4byte	.Ldebug_ranges0+0
 217 001d 00000000 		.4byte	0
 218 0021 00000000 		.4byte	.Ldebug_line0
 219 0025 02       		.uleb128 0x2
 220 0026 01       		.byte	0x1
 221 0027 06       		.byte	0x6
 222 0028 D4020000 		.4byte	.LASF0
 223 002c 02       		.uleb128 0x2
 224 002d 01       		.byte	0x1
 225 002e 08       		.byte	0x8
 226 002f AB000000 		.4byte	.LASF1
 227 0033 02       		.uleb128 0x2
 228 0034 02       		.byte	0x2
 229 0035 05       		.byte	0x5
 230 0036 A5020000 		.4byte	.LASF2
 231 003a 02       		.uleb128 0x2
 232 003b 02       		.byte	0x2
 233 003c 07       		.byte	0x7
 234 003d 57000000 		.4byte	.LASF3
 235 0041 02       		.uleb128 0x2
 236 0042 04       		.byte	0x4
 237 0043 05       		.byte	0x5
 238 0044 BF020000 		.4byte	.LASF4
 239 0048 02       		.uleb128 0x2
 240 0049 04       		.byte	0x4
 241 004a 07       		.byte	0x7
 242 004b 66010000 		.4byte	.LASF5
 243 004f 02       		.uleb128 0x2
 244 0050 08       		.byte	0x8
 245 0051 05       		.byte	0x5
 246 0052 55020000 		.4byte	.LASF6
 247 0056 02       		.uleb128 0x2
 248 0057 08       		.byte	0x8
 249 0058 07       		.byte	0x7
 250 0059 1D020000 		.4byte	.LASF7
 251 005d 03       		.uleb128 0x3
 252 005e 04       		.byte	0x4
 253 005f 05       		.byte	0x5
 254 0060 696E7400 		.ascii	"int\000"
 255 0064 02       		.uleb128 0x2
 256 0065 04       		.byte	0x4
 257 0066 07       		.byte	0x7
 258 0067 F6010000 		.4byte	.LASF8
 259 006b 04       		.uleb128 0x4
 260 006c 78010000 		.4byte	.LASF9
 261 0070 02       		.byte	0x2
 262 0071 E401     		.2byte	0x1e4
 263 0073 2C000000 		.4byte	0x2c
 264 0077 04       		.uleb128 0x4
 265 0078 D6010000 		.4byte	.LASF10
 266 007c 02       		.byte	0x2
 267 007d E501     		.2byte	0x1e5
 268 007f 3A000000 		.4byte	0x3a
ARM GAS  C:\Users\ryanc\AppData\Local\Temp\ccRA9DoE.s 			page 9


 269 0083 02       		.uleb128 0x2
 270 0084 04       		.byte	0x4
 271 0085 04       		.byte	0x4
 272 0086 8D000000 		.4byte	.LASF11
 273 008a 02       		.uleb128 0x2
 274 008b 08       		.byte	0x8
 275 008c 04       		.byte	0x4
 276 008d AE010000 		.4byte	.LASF12
 277 0091 02       		.uleb128 0x2
 278 0092 01       		.byte	0x1
 279 0093 08       		.byte	0x8
 280 0094 94020000 		.4byte	.LASF13
 281 0098 04       		.uleb128 0x4
 282 0099 47020000 		.4byte	.LASF14
 283 009d 02       		.byte	0x2
 284 009e 8E02     		.2byte	0x28e
 285 00a0 A4000000 		.4byte	0xa4
 286 00a4 05       		.uleb128 0x5
 287 00a5 6B000000 		.4byte	0x6b
 288 00a9 02       		.uleb128 0x2
 289 00aa 08       		.byte	0x8
 290 00ab 04       		.byte	0x4
 291 00ac C8020000 		.4byte	.LASF15
 292 00b0 02       		.uleb128 0x2
 293 00b1 04       		.byte	0x4
 294 00b2 07       		.byte	0x7
 295 00b3 4C020000 		.4byte	.LASF16
 296 00b7 06       		.uleb128 0x6
 297 00b8 0A       		.byte	0xa
 298 00b9 03       		.byte	0x3
 299 00ba 6B       		.byte	0x6b
 300 00bb 08010000 		.4byte	0x108
 301 00bf 07       		.uleb128 0x7
 302 00c0 57010000 		.4byte	.LASF17
 303 00c4 03       		.byte	0x3
 304 00c5 6E       		.byte	0x6e
 305 00c6 6B000000 		.4byte	0x6b
 306 00ca 00       		.byte	0
 307 00cb 07       		.uleb128 0x7
 308 00cc A4000000 		.4byte	.LASF18
 309 00d0 03       		.byte	0x3
 310 00d1 71       		.byte	0x71
 311 00d2 77000000 		.4byte	0x77
 312 00d6 02       		.byte	0x2
 313 00d7 07       		.uleb128 0x7
 314 00d8 29000000 		.4byte	.LASF19
 315 00dc 03       		.byte	0x3
 316 00dd 73       		.byte	0x73
 317 00de 77000000 		.4byte	0x77
 318 00e2 04       		.byte	0x4
 319 00e3 07       		.uleb128 0x7
 320 00e4 E0020000 		.4byte	.LASF20
 321 00e8 03       		.byte	0x3
 322 00e9 76       		.byte	0x76
 323 00ea 6B000000 		.4byte	0x6b
 324 00ee 06       		.byte	0x6
 325 00ef 07       		.uleb128 0x7
ARM GAS  C:\Users\ryanc\AppData\Local\Temp\ccRA9DoE.s 			page 10


 326 00f0 93000000 		.4byte	.LASF21
 327 00f4 03       		.byte	0x3
 328 00f5 7C       		.byte	0x7c
 329 00f6 6B000000 		.4byte	0x6b
 330 00fa 07       		.byte	0x7
 331 00fb 07       		.uleb128 0x7
 332 00fc 8F010000 		.4byte	.LASF22
 333 0100 03       		.byte	0x3
 334 0101 86       		.byte	0x86
 335 0102 6B000000 		.4byte	0x6b
 336 0106 08       		.byte	0x8
 337 0107 00       		.byte	0
 338 0108 08       		.uleb128 0x8
 339 0109 33000000 		.4byte	.LASF23
 340 010d 03       		.byte	0x3
 341 010e 8B       		.byte	0x8b
 342 010f B7000000 		.4byte	0xb7
 343 0113 09       		.uleb128 0x9
 344 0114 AF020000 		.4byte	.LASF24
 345 0118 01       		.byte	0x1
 346 0119 2A       		.byte	0x2a
 347 011a 00000000 		.4byte	.LFB0
 348 011e 2C000000 		.4byte	.LFE0-.LFB0
 349 0122 01       		.uleb128 0x1
 350 0123 9C       		.byte	0x9c
 351 0124 4D010000 		.4byte	0x14d
 352 0128 0A       		.uleb128 0xa
 353 0129 06000000 		.4byte	.LVL0
 354 012d E8010000 		.4byte	0x1e8
 355 0131 0A       		.uleb128 0xa
 356 0132 0E000000 		.4byte	.LVL1
 357 0136 F3010000 		.4byte	0x1f3
 358 013a 0A       		.uleb128 0xa
 359 013b 1A000000 		.4byte	.LVL2
 360 013f FE010000 		.4byte	0x1fe
 361 0143 0A       		.uleb128 0xa
 362 0144 20000000 		.4byte	.LVL3
 363 0148 09020000 		.4byte	0x209
 364 014c 00       		.byte	0
 365 014d 09       		.uleb128 0x9
 366 014e 34020000 		.4byte	.LASF25
 367 0152 01       		.byte	0x1
 368 0153 58       		.byte	0x58
 369 0154 00000000 		.4byte	.LFB1
 370 0158 2C000000 		.4byte	.LFE1-.LFB1
 371 015c 01       		.uleb128 0x1
 372 015d 9C       		.byte	0x9c
 373 015e 87010000 		.4byte	0x187
 374 0162 0A       		.uleb128 0xa
 375 0163 0A000000 		.4byte	.LVL4
 376 0167 14020000 		.4byte	0x214
 377 016b 0A       		.uleb128 0xa
 378 016c 10000000 		.4byte	.LVL5
 379 0170 1F020000 		.4byte	0x21f
 380 0174 0A       		.uleb128 0xa
 381 0175 1C000000 		.4byte	.LVL6
 382 0179 2A020000 		.4byte	0x22a
ARM GAS  C:\Users\ryanc\AppData\Local\Temp\ccRA9DoE.s 			page 11


 383 017d 0A       		.uleb128 0xa
 384 017e 22000000 		.4byte	.LVL7
 385 0182 35020000 		.4byte	0x235
 386 0186 00       		.byte	0
 387 0187 09       		.uleb128 0x9
 388 0188 89020000 		.4byte	.LASF26
 389 018c 01       		.byte	0x1
 390 018d 88       		.byte	0x88
 391 018e 00000000 		.4byte	.LFB2
 392 0192 2C000000 		.4byte	.LFE2-.LFB2
 393 0196 01       		.uleb128 0x1
 394 0197 9C       		.byte	0x9c
 395 0198 AF010000 		.4byte	0x1af
 396 019c 0A       		.uleb128 0xa
 397 019d 1E000000 		.4byte	.LVL8
 398 01a1 40020000 		.4byte	0x240
 399 01a5 0A       		.uleb128 0xa
 400 01a6 22000000 		.4byte	.LVL9
 401 01aa 13010000 		.4byte	0x113
 402 01ae 00       		.byte	0
 403 01af 09       		.uleb128 0x9
 404 01b0 0A000000 		.4byte	.LASF27
 405 01b4 01       		.byte	0x1
 406 01b5 B2       		.byte	0xb2
 407 01b6 00000000 		.4byte	.LFB3
 408 01ba 18000000 		.4byte	.LFE3-.LFB3
 409 01be 01       		.uleb128 0x1
 410 01bf 9C       		.byte	0x9c
 411 01c0 D7010000 		.4byte	0x1d7
 412 01c4 0A       		.uleb128 0xa
 413 01c5 06000000 		.4byte	.LVL10
 414 01c9 4D010000 		.4byte	0x14d
 415 01cd 0A       		.uleb128 0xa
 416 01ce 10000000 		.4byte	.LVL11
 417 01d2 4B020000 		.4byte	0x24b
 418 01d6 00       		.byte	0
 419 01d7 0B       		.uleb128 0xb
 420 01d8 99020000 		.4byte	.LASF41
 421 01dc 01       		.byte	0x1
 422 01dd 14       		.byte	0x14
 423 01de 08010000 		.4byte	0x108
 424 01e2 05       		.uleb128 0x5
 425 01e3 03       		.byte	0x3
 426 01e4 00000000 		.4byte	PWMA_backup
 427 01e8 0C       		.uleb128 0xc
 428 01e9 47010000 		.4byte	.LASF28
 429 01ed 47010000 		.4byte	.LASF28
 430 01f1 03       		.byte	0x3
 431 01f2 C0       		.byte	0xc0
 432 01f3 0C       		.uleb128 0xc
 433 01f4 7C000000 		.4byte	.LASF29
 434 01f8 7C000000 		.4byte	.LASF29
 435 01fc 03       		.byte	0x3
 436 01fd B3       		.byte	0xb3
 437 01fe 0C       		.uleb128 0xc
 438 01ff 6A000000 		.4byte	.LASF30
 439 0203 6A000000 		.4byte	.LASF30
ARM GAS  C:\Users\ryanc\AppData\Local\Temp\ccRA9DoE.s 			page 12


 440 0207 03       		.byte	0x3
 441 0208 D2       		.byte	0xd2
 442 0209 0C       		.uleb128 0xc
 443 020a DD010000 		.4byte	.LASF31
 444 020e DD010000 		.4byte	.LASF31
 445 0212 03       		.byte	0x3
 446 0213 9D       		.byte	0x9d
 447 0214 0C       		.uleb128 0xc
 448 0215 7E010000 		.4byte	.LASF32
 449 0219 7E010000 		.4byte	.LASF32
 450 021d 03       		.byte	0x3
 451 021e BE       		.byte	0xbe
 452 021f 0C       		.uleb128 0xc
 453 0220 45000000 		.4byte	.LASF33
 454 0224 45000000 		.4byte	.LASF33
 455 0228 03       		.byte	0x3
 456 0229 BA       		.byte	0xba
 457 022a 0C       		.uleb128 0xc
 458 022b 16000000 		.4byte	.LASF34
 459 022f 16000000 		.4byte	.LASF34
 460 0233 03       		.byte	0x3
 461 0234 D1       		.byte	0xd1
 462 0235 0C       		.uleb128 0xc
 463 0236 03020000 		.4byte	.LASF35
 464 023a 03020000 		.4byte	.LASF35
 465 023e 03       		.byte	0x3
 466 023f 9E       		.byte	0x9e
 467 0240 0C       		.uleb128 0xc
 468 0241 00000000 		.4byte	.LASF36
 469 0245 00000000 		.4byte	.LASF36
 470 0249 03       		.byte	0x3
 471 024a 93       		.byte	0x93
 472 024b 0C       		.uleb128 0xc
 473 024c A2010000 		.4byte	.LASF37
 474 0250 A2010000 		.4byte	.LASF37
 475 0254 03       		.byte	0x3
 476 0255 DB       		.byte	0xdb
 477 0256 00       		.byte	0
 478              		.section	.debug_abbrev,"",%progbits
 479              	.Ldebug_abbrev0:
 480 0000 01       		.uleb128 0x1
 481 0001 11       		.uleb128 0x11
 482 0002 01       		.byte	0x1
 483 0003 25       		.uleb128 0x25
 484 0004 0E       		.uleb128 0xe
 485 0005 13       		.uleb128 0x13
 486 0006 0B       		.uleb128 0xb
 487 0007 03       		.uleb128 0x3
 488 0008 0E       		.uleb128 0xe
 489 0009 1B       		.uleb128 0x1b
 490 000a 0E       		.uleb128 0xe
 491 000b 55       		.uleb128 0x55
 492 000c 17       		.uleb128 0x17
 493 000d 11       		.uleb128 0x11
 494 000e 01       		.uleb128 0x1
 495 000f 10       		.uleb128 0x10
 496 0010 17       		.uleb128 0x17
ARM GAS  C:\Users\ryanc\AppData\Local\Temp\ccRA9DoE.s 			page 13


 497 0011 00       		.byte	0
 498 0012 00       		.byte	0
 499 0013 02       		.uleb128 0x2
 500 0014 24       		.uleb128 0x24
 501 0015 00       		.byte	0
 502 0016 0B       		.uleb128 0xb
 503 0017 0B       		.uleb128 0xb
 504 0018 3E       		.uleb128 0x3e
 505 0019 0B       		.uleb128 0xb
 506 001a 03       		.uleb128 0x3
 507 001b 0E       		.uleb128 0xe
 508 001c 00       		.byte	0
 509 001d 00       		.byte	0
 510 001e 03       		.uleb128 0x3
 511 001f 24       		.uleb128 0x24
 512 0020 00       		.byte	0
 513 0021 0B       		.uleb128 0xb
 514 0022 0B       		.uleb128 0xb
 515 0023 3E       		.uleb128 0x3e
 516 0024 0B       		.uleb128 0xb
 517 0025 03       		.uleb128 0x3
 518 0026 08       		.uleb128 0x8
 519 0027 00       		.byte	0
 520 0028 00       		.byte	0
 521 0029 04       		.uleb128 0x4
 522 002a 16       		.uleb128 0x16
 523 002b 00       		.byte	0
 524 002c 03       		.uleb128 0x3
 525 002d 0E       		.uleb128 0xe
 526 002e 3A       		.uleb128 0x3a
 527 002f 0B       		.uleb128 0xb
 528 0030 3B       		.uleb128 0x3b
 529 0031 05       		.uleb128 0x5
 530 0032 49       		.uleb128 0x49
 531 0033 13       		.uleb128 0x13
 532 0034 00       		.byte	0
 533 0035 00       		.byte	0
 534 0036 05       		.uleb128 0x5
 535 0037 35       		.uleb128 0x35
 536 0038 00       		.byte	0
 537 0039 49       		.uleb128 0x49
 538 003a 13       		.uleb128 0x13
 539 003b 00       		.byte	0
 540 003c 00       		.byte	0
 541 003d 06       		.uleb128 0x6
 542 003e 13       		.uleb128 0x13
 543 003f 01       		.byte	0x1
 544 0040 0B       		.uleb128 0xb
 545 0041 0B       		.uleb128 0xb
 546 0042 3A       		.uleb128 0x3a
 547 0043 0B       		.uleb128 0xb
 548 0044 3B       		.uleb128 0x3b
 549 0045 0B       		.uleb128 0xb
 550 0046 01       		.uleb128 0x1
 551 0047 13       		.uleb128 0x13
 552 0048 00       		.byte	0
 553 0049 00       		.byte	0
ARM GAS  C:\Users\ryanc\AppData\Local\Temp\ccRA9DoE.s 			page 14


 554 004a 07       		.uleb128 0x7
 555 004b 0D       		.uleb128 0xd
 556 004c 00       		.byte	0
 557 004d 03       		.uleb128 0x3
 558 004e 0E       		.uleb128 0xe
 559 004f 3A       		.uleb128 0x3a
 560 0050 0B       		.uleb128 0xb
 561 0051 3B       		.uleb128 0x3b
 562 0052 0B       		.uleb128 0xb
 563 0053 49       		.uleb128 0x49
 564 0054 13       		.uleb128 0x13
 565 0055 38       		.uleb128 0x38
 566 0056 0B       		.uleb128 0xb
 567 0057 00       		.byte	0
 568 0058 00       		.byte	0
 569 0059 08       		.uleb128 0x8
 570 005a 16       		.uleb128 0x16
 571 005b 00       		.byte	0
 572 005c 03       		.uleb128 0x3
 573 005d 0E       		.uleb128 0xe
 574 005e 3A       		.uleb128 0x3a
 575 005f 0B       		.uleb128 0xb
 576 0060 3B       		.uleb128 0x3b
 577 0061 0B       		.uleb128 0xb
 578 0062 49       		.uleb128 0x49
 579 0063 13       		.uleb128 0x13
 580 0064 00       		.byte	0
 581 0065 00       		.byte	0
 582 0066 09       		.uleb128 0x9
 583 0067 2E       		.uleb128 0x2e
 584 0068 01       		.byte	0x1
 585 0069 3F       		.uleb128 0x3f
 586 006a 19       		.uleb128 0x19
 587 006b 03       		.uleb128 0x3
 588 006c 0E       		.uleb128 0xe
 589 006d 3A       		.uleb128 0x3a
 590 006e 0B       		.uleb128 0xb
 591 006f 3B       		.uleb128 0x3b
 592 0070 0B       		.uleb128 0xb
 593 0071 27       		.uleb128 0x27
 594 0072 19       		.uleb128 0x19
 595 0073 11       		.uleb128 0x11
 596 0074 01       		.uleb128 0x1
 597 0075 12       		.uleb128 0x12
 598 0076 06       		.uleb128 0x6
 599 0077 40       		.uleb128 0x40
 600 0078 18       		.uleb128 0x18
 601 0079 9742     		.uleb128 0x2117
 602 007b 19       		.uleb128 0x19
 603 007c 01       		.uleb128 0x1
 604 007d 13       		.uleb128 0x13
 605 007e 00       		.byte	0
 606 007f 00       		.byte	0
 607 0080 0A       		.uleb128 0xa
 608 0081 898201   		.uleb128 0x4109
 609 0084 00       		.byte	0
 610 0085 11       		.uleb128 0x11
ARM GAS  C:\Users\ryanc\AppData\Local\Temp\ccRA9DoE.s 			page 15


 611 0086 01       		.uleb128 0x1
 612 0087 31       		.uleb128 0x31
 613 0088 13       		.uleb128 0x13
 614 0089 00       		.byte	0
 615 008a 00       		.byte	0
 616 008b 0B       		.uleb128 0xb
 617 008c 34       		.uleb128 0x34
 618 008d 00       		.byte	0
 619 008e 03       		.uleb128 0x3
 620 008f 0E       		.uleb128 0xe
 621 0090 3A       		.uleb128 0x3a
 622 0091 0B       		.uleb128 0xb
 623 0092 3B       		.uleb128 0x3b
 624 0093 0B       		.uleb128 0xb
 625 0094 49       		.uleb128 0x49
 626 0095 13       		.uleb128 0x13
 627 0096 02       		.uleb128 0x2
 628 0097 18       		.uleb128 0x18
 629 0098 00       		.byte	0
 630 0099 00       		.byte	0
 631 009a 0C       		.uleb128 0xc
 632 009b 2E       		.uleb128 0x2e
 633 009c 00       		.byte	0
 634 009d 3F       		.uleb128 0x3f
 635 009e 19       		.uleb128 0x19
 636 009f 3C       		.uleb128 0x3c
 637 00a0 19       		.uleb128 0x19
 638 00a1 6E       		.uleb128 0x6e
 639 00a2 0E       		.uleb128 0xe
 640 00a3 03       		.uleb128 0x3
 641 00a4 0E       		.uleb128 0xe
 642 00a5 3A       		.uleb128 0x3a
 643 00a6 0B       		.uleb128 0xb
 644 00a7 3B       		.uleb128 0x3b
 645 00a8 0B       		.uleb128 0xb
 646 00a9 00       		.byte	0
 647 00aa 00       		.byte	0
 648 00ab 00       		.byte	0
 649              		.section	.debug_aranges,"",%progbits
 650 0000 34000000 		.4byte	0x34
 651 0004 0200     		.2byte	0x2
 652 0006 00000000 		.4byte	.Ldebug_info0
 653 000a 04       		.byte	0x4
 654 000b 00       		.byte	0
 655 000c 0000     		.2byte	0
 656 000e 0000     		.2byte	0
 657 0010 00000000 		.4byte	.LFB0
 658 0014 2C000000 		.4byte	.LFE0-.LFB0
 659 0018 00000000 		.4byte	.LFB1
 660 001c 2C000000 		.4byte	.LFE1-.LFB1
 661 0020 00000000 		.4byte	.LFB2
 662 0024 2C000000 		.4byte	.LFE2-.LFB2
 663 0028 00000000 		.4byte	.LFB3
 664 002c 18000000 		.4byte	.LFE3-.LFB3
 665 0030 00000000 		.4byte	0
 666 0034 00000000 		.4byte	0
 667              		.section	.debug_ranges,"",%progbits
ARM GAS  C:\Users\ryanc\AppData\Local\Temp\ccRA9DoE.s 			page 16


 668              	.Ldebug_ranges0:
 669 0000 00000000 		.4byte	.LFB0
 670 0004 2C000000 		.4byte	.LFE0
 671 0008 00000000 		.4byte	.LFB1
 672 000c 2C000000 		.4byte	.LFE1
 673 0010 00000000 		.4byte	.LFB2
 674 0014 2C000000 		.4byte	.LFE2
 675 0018 00000000 		.4byte	.LFB3
 676 001c 18000000 		.4byte	.LFE3
 677 0020 00000000 		.4byte	0
 678 0024 00000000 		.4byte	0
 679              		.section	.debug_line,"",%progbits
 680              	.Ldebug_line0:
 681 0000 A5000000 		.section	.debug_str,"MS",%progbits,1
 681      02004E00 
 681      00000201 
 681      FB0E0D00 
 681      01010101 
 682              	.LASF36:
 683 0000 50574D41 		.ascii	"PWMA_Stop\000"
 683      5F53746F 
 683      7000
 684              	.LASF27:
 685 000a 50574D41 		.ascii	"PWMA_Wakeup\000"
 685      5F57616B 
 685      65757000 
 686              	.LASF34:
 687 0016 50574D41 		.ascii	"PWMA_WriteDeadTime\000"
 687      5F577269 
 687      74654465 
 687      61645469 
 687      6D6500
 688              	.LASF19:
 689 0029 50574D50 		.ascii	"PWMPeriod\000"
 689      6572696F 
 689      6400
 690              	.LASF23:
 691 0033 50574D41 		.ascii	"PWMA_backupStruct\000"
 691      5F626163 
 691      6B757053 
 691      74727563 
 691      7400
 692              	.LASF33:
 693 0045 50574D41 		.ascii	"PWMA_WriteCounter\000"
 693      5F577269 
 693      7465436F 
 693      756E7465 
 693      7200
 694              	.LASF3:
 695 0057 73686F72 		.ascii	"short unsigned int\000"
 695      7420756E 
 695      7369676E 
 695      65642069 
 695      6E7400
 696              	.LASF30:
 697 006a 50574D41 		.ascii	"PWMA_ReadDeadTime\000"
 697      5F526561 
ARM GAS  C:\Users\ryanc\AppData\Local\Temp\ccRA9DoE.s 			page 17


 697      64446561 
 697      6454696D 
 697      6500
 698              	.LASF29:
 699 007c 50574D41 		.ascii	"PWMA_ReadCounter\000"
 699      5F526561 
 699      64436F75 
 699      6E746572 
 699      00
 700              	.LASF11:
 701 008d 666C6F61 		.ascii	"float\000"
 701      7400
 702              	.LASF21:
 703 0093 50574D64 		.ascii	"PWMdeadBandValue\000"
 703      65616442 
 703      616E6456 
 703      616C7565 
 703      00
 704              	.LASF18:
 705 00a4 50574D55 		.ascii	"PWMUdb\000"
 705      646200
 706              	.LASF1:
 707 00ab 756E7369 		.ascii	"unsigned char\000"
 707      676E6564 
 707      20636861 
 707      7200
 708              	.LASF38:
 709 00b9 474E5520 		.ascii	"GNU C11 5.4.1 20160609 (release) [ARM/embedded-5-br"
 709      43313120 
 709      352E342E 
 709      31203230 
 709      31363036 
 710 00ec 616E6368 		.ascii	"anch revision 237715] -mcpu=cortex-m3 -mthumb -g -O"
 710      20726576 
 710      6973696F 
 710      6E203233 
 710      37373135 
 711 011f 67202D66 		.ascii	"g -ffunction-sections -ffat-lto-objects\000"
 711      66756E63 
 711      74696F6E 
 711      2D736563 
 711      74696F6E 
 712              	.LASF28:
 713 0147 50574D41 		.ascii	"PWMA_ReadPeriod\000"
 713      5F526561 
 713      64506572 
 713      696F6400 
 714              	.LASF17:
 715 0157 50574D45 		.ascii	"PWMEnableState\000"
 715      6E61626C 
 715      65537461 
 715      746500
 716              	.LASF5:
 717 0166 6C6F6E67 		.ascii	"long unsigned int\000"
 717      20756E73 
 717      69676E65 
 717      6420696E 
ARM GAS  C:\Users\ryanc\AppData\Local\Temp\ccRA9DoE.s 			page 18


 717      7400
 718              	.LASF9:
 719 0178 75696E74 		.ascii	"uint8\000"
 719      3800
 720              	.LASF32:
 721 017e 50574D41 		.ascii	"PWMA_WritePeriod\000"
 721      5F577269 
 721      74655065 
 721      72696F64 
 721      00
 722              	.LASF22:
 723 018f 50574D43 		.ascii	"PWMControlRegister\000"
 723      6F6E7472 
 723      6F6C5265 
 723      67697374 
 723      657200
 724              	.LASF37:
 725 01a2 50574D41 		.ascii	"PWMA_Enable\000"
 725      5F456E61 
 725      626C6500 
 726              	.LASF12:
 727 01ae 646F7562 		.ascii	"double\000"
 727      6C6500
 728              	.LASF39:
 729 01b5 47656E65 		.ascii	"Generated_Source\\PSoC5\\PWMA_PM.c\000"
 729      72617465 
 729      645F536F 
 729      75726365 
 729      5C50536F 
 730              	.LASF10:
 731 01d6 75696E74 		.ascii	"uint16\000"
 731      313600
 732              	.LASF31:
 733 01dd 50574D41 		.ascii	"PWMA_ReadControlRegister\000"
 733      5F526561 
 733      64436F6E 
 733      74726F6C 
 733      52656769 
 734              	.LASF8:
 735 01f6 756E7369 		.ascii	"unsigned int\000"
 735      676E6564 
 735      20696E74 
 735      00
 736              	.LASF35:
 737 0203 50574D41 		.ascii	"PWMA_WriteControlRegister\000"
 737      5F577269 
 737      7465436F 
 737      6E74726F 
 737      6C526567 
 738              	.LASF7:
 739 021d 6C6F6E67 		.ascii	"long long unsigned int\000"
 739      206C6F6E 
 739      6720756E 
 739      7369676E 
 739      65642069 
 740              	.LASF25:
 741 0234 50574D41 		.ascii	"PWMA_RestoreConfig\000"
ARM GAS  C:\Users\ryanc\AppData\Local\Temp\ccRA9DoE.s 			page 19


 741      5F526573 
 741      746F7265 
 741      436F6E66 
 741      696700
 742              	.LASF14:
 743 0247 72656738 		.ascii	"reg8\000"
 743      00
 744              	.LASF16:
 745 024c 73697A65 		.ascii	"sizetype\000"
 745      74797065 
 745      00
 746              	.LASF6:
 747 0255 6C6F6E67 		.ascii	"long long int\000"
 747      206C6F6E 
 747      6720696E 
 747      7400
 748              	.LASF40:
 749 0263 533A5C53 		.ascii	"S:\\SpiderBot\\Servos\\Servo Board.cydsn\000"
 749      70696465 
 749      72426F74 
 749      5C536572 
 749      766F735C 
 750              	.LASF26:
 751 0289 50574D41 		.ascii	"PWMA_Sleep\000"
 751      5F536C65 
 751      657000
 752              	.LASF13:
 753 0294 63686172 		.ascii	"char\000"
 753      00
 754              	.LASF41:
 755 0299 50574D41 		.ascii	"PWMA_backup\000"
 755      5F626163 
 755      6B757000 
 756              	.LASF2:
 757 02a5 73686F72 		.ascii	"short int\000"
 757      7420696E 
 757      7400
 758              	.LASF24:
 759 02af 50574D41 		.ascii	"PWMA_SaveConfig\000"
 759      5F536176 
 759      65436F6E 
 759      66696700 
 760              	.LASF4:
 761 02bf 6C6F6E67 		.ascii	"long int\000"
 761      20696E74 
 761      00
 762              	.LASF15:
 763 02c8 6C6F6E67 		.ascii	"long double\000"
 763      20646F75 
 763      626C6500 
 764              	.LASF0:
 765 02d4 7369676E 		.ascii	"signed char\000"
 765      65642063 
 765      68617200 
 766              	.LASF20:
 767 02e0 496E7465 		.ascii	"InterruptMaskValue\000"
 767      72727570 
ARM GAS  C:\Users\ryanc\AppData\Local\Temp\ccRA9DoE.s 			page 20


 767      744D6173 
 767      6B56616C 
 767      756500
 768              		.ident	"GCC: (GNU Tools for ARM Embedded Processors) 5.4.1 20160609 (release) [ARM/embedded-5-bran
